app/build/intermediates/manifest_merge_blame_file/release/manifest-merger-blame-release-report.txt
1<?xml version="1.0" encoding="utf-8"?>
2<manifest xmlns:android="http://schemas.android.com/apk/res/android"
3    package="com.monofix.mytriponair"
4    android:versionCode="1"
5    android:versionName="1.0.0" >
6
7    <uses-sdk
8        android:minSdkVersion="21"
8-->src/main/AndroidManifest.xml
9        android:targetSdkVersion="30" />
9-->src/main/AndroidManifest.xml
10    <!-- Permissions -->
11    <uses-permission android:name="android.permission.INTERNET" />
11-->src/main/AndroidManifest.xml:6:5-67
11-->src/main/AndroidManifest.xml:6:22-64
12    <uses-permission android:name="android.permission.ACCESS_NETWORK_STATE" />
12-->src/main/AndroidManifest.xml:7:5-79
12-->src/main/AndroidManifest.xml:7:22-76
13    <uses-permission android:name="android.permission.READ_PHONE_STATE" />
13-->src/main/AndroidManifest.xml:8:5-75
13-->src/main/AndroidManifest.xml:8:22-72
14    <uses-permission android:name="android.permission.ACCESS_FINE_LOCATION" />
14-->src/main/AndroidManifest.xml:9:5-79
14-->src/main/AndroidManifest.xml:9:22-76
15    <uses-permission android:name="android.permission.WAKE_LOCK" />
15-->[androidx.work:work-runtime:2.0.0] AndroidManifest.xml:23:5-68
15-->[androidx.work:work-runtime:2.0.0] AndroidManifest.xml:23:22-65
16    <uses-permission android:name="android.permission.RECEIVE_BOOT_COMPLETED" /> <!-- Required by older versions of Google Play services to create IID tokens -->
16-->[androidx.work:work-runtime:2.0.0] AndroidManifest.xml:25:5-81
16-->[androidx.work:work-runtime:2.0.0] AndroidManifest.xml:25:22-78
17    <uses-permission android:name="com.google.android.c2dm.permission.RECEIVE" />
17-->[com.google.firebase:firebase-iid:20.2.3] AndroidManifest.xml:26:5-82
17-->[com.google.firebase:firebase-iid:20.2.3] AndroidManifest.xml:26:22-79
18    <uses-permission android:name="com.google.android.finsky.permission.BIND_GET_INSTALL_REFERRER_SERVICE" />
18-->[com.google.android.gms:play-services-measurement:17.5.0] AndroidManifest.xml:26:5-110
18-->[com.google.android.gms:play-services-measurement:17.5.0] AndroidManifest.xml:26:22-107
19
20    <application
20-->src/main/AndroidManifest.xml:11:5-51:19
21        android:name="com.monofix.mytriponair.application.MyTripOnAirApplication"
21-->src/main/AndroidManifest.xml:12:9-59
22        android:allowBackup="true"
22-->src/main/AndroidManifest.xml:13:9-35
23        android:appComponentFactory="androidx.core.app.CoreComponentFactory"
23-->[androidx.core:core:1.3.1] AndroidManifest.xml:24:18-86
24        android:icon="@mipmap/ic_launcher"
24-->src/main/AndroidManifest.xml:14:9-43
25        android:label="@string/app_name"
25-->src/main/AndroidManifest.xml:15:9-41
26        android:roundIcon="@mipmap/ic_launcher_round"
26-->src/main/AndroidManifest.xml:16:9-54
27        android:screenOrientation="fullSensor"
27-->src/main/AndroidManifest.xml:20:9-47
28        android:supportsRtl="true"
28-->src/main/AndroidManifest.xml:17:9-35
29        android:theme="@style/AppTheme"
29-->src/main/AndroidManifest.xml:18:9-40
30        android:usesCleartextTraffic="true" >
30-->src/main/AndroidManifest.xml:19:9-44
31        <activity android:name="com.monofix.mytriponair.MainActivity" />
31-->src/main/AndroidManifest.xml:22:9-50
31-->src/main/AndroidManifest.xml:22:19-47
32        <activity
32-->src/main/AndroidManifest.xml:23:9-31:20
33            android:name="com.monofix.mytriponair.SplashActivity"
33-->src/main/AndroidManifest.xml:24:13-43
34            android:theme="@style/SplashTheme" >
34-->src/main/AndroidManifest.xml:25:13-47
35            <intent-filter>
35-->src/main/AndroidManifest.xml:26:13-30:29
36                <action android:name="android.intent.action.MAIN" />
36-->src/main/AndroidManifest.xml:27:17-69
36-->src/main/AndroidManifest.xml:27:25-66
37
38                <category android:name="android.intent.category.LAUNCHER" />
38-->src/main/AndroidManifest.xml:29:17-77
38-->src/main/AndroidManifest.xml:29:27-74
39            </intent-filter>
40        </activity>
41        <!-- Push Notification -->
42        <meta-data
42-->src/main/AndroidManifest.xml:33:9-35:60
43            android:name="com.google.firebase.messaging.default_notification_icon"
43-->src/main/AndroidManifest.xml:34:13-83
44            android:resource="@drawable/ic_notification" />
44-->src/main/AndroidManifest.xml:35:13-57
45        <meta-data
45-->src/main/AndroidManifest.xml:36:9-38:53
46            android:name="com.google.firebase.messaging.default_notification_color"
46-->src/main/AndroidManifest.xml:37:13-84
47            android:resource="@color/colorAccent" />
47-->src/main/AndroidManifest.xml:38:13-50
48        <meta-data
48-->src/main/AndroidManifest.xml:39:9-41:71
49            android:name="com.google.firebase.messaging.default_notification_channel_id"
49-->src/main/AndroidManifest.xml:40:13-89
50            android:value="@string/default_notification_channel_id" />
50-->src/main/AndroidManifest.xml:41:13-68
51
52        <service
52-->src/main/AndroidManifest.xml:43:9-50:19
53            android:name="com.monofix.mytriponair.fcm.FirebaseMessagingService"
53-->src/main/AndroidManifest.xml:44:13-57
54            android:exported="false" >
54-->src/main/AndroidManifest.xml:45:13-37
55            <intent-filter>
55-->src/main/AndroidManifest.xml:46:13-49:29
56                <action android:name="com.google.firebase.MESSAGING_EVENT" />
56-->src/main/AndroidManifest.xml:47:17-78
56-->src/main/AndroidManifest.xml:47:25-75
57                <action android:name="com.google.firebase.INSTANCE_ID_EVENT" />
57-->src/main/AndroidManifest.xml:48:17-80
57-->src/main/AndroidManifest.xml:48:25-77
58            </intent-filter>
59        </service>
60        <service
60-->[com.google.firebase:firebase-auth-ktx:19.3.2] AndroidManifest.xml:8:9-14:19
61            android:name="com.google.firebase.components.ComponentDiscoveryService"
61-->[com.google.firebase:firebase-auth-ktx:19.3.2] AndroidManifest.xml:9:13-84
62            android:directBootAware="true"
62-->[com.google.firebase:firebase-common:19.3.0] AndroidManifest.xml:34:13-43
63            android:exported="false" >
63-->[com.google.firebase:firebase-auth-ktx:19.3.2] AndroidManifest.xml:10:13-37
64            <meta-data
64-->[com.google.firebase:firebase-auth-ktx:19.3.2] AndroidManifest.xml:11:13-13:85
65                android:name="com.google.firebase.components:com.google.firebase.auth.ktx.FirebaseAuthKtxRegistrar"
65-->[com.google.firebase:firebase-auth-ktx:19.3.2] AndroidManifest.xml:12:17-116
66                android:value="com.google.firebase.components.ComponentRegistrar" />
66-->[com.google.firebase:firebase-auth-ktx:19.3.2] AndroidManifest.xml:13:17-82
67            <meta-data
67-->[com.google.firebase:firebase-dynamic-links-ktx:19.1.0] AndroidManifest.xml:28:13-30:85
68                android:name="com.google.firebase.components:com.google.firebase.dynamiclinks.ktx.FirebaseDynamicLinksRegistrar"
68-->[com.google.firebase:firebase-dynamic-links-ktx:19.1.0] AndroidManifest.xml:29:17-129
69                android:value="com.google.firebase.components.ComponentRegistrar" />
69-->[com.google.firebase:firebase-dynamic-links-ktx:19.1.0] AndroidManifest.xml:30:17-82
70            <meta-data
70-->[com.google.firebase:firebase-analytics-ktx:17.5.0] AndroidManifest.xml:11:13-13:85
71                android:name="com.google.firebase.components:com.google.firebase.analytics.ktx.FirebaseAnalyticsKtxRegistrar"
71-->[com.google.firebase:firebase-analytics-ktx:17.5.0] AndroidManifest.xml:12:17-126
72                android:value="com.google.firebase.components.ComponentRegistrar" />
72-->[com.google.firebase:firebase-analytics-ktx:17.5.0] AndroidManifest.xml:13:17-82
73            <meta-data
73-->[com.google.firebase:firebase-common-ktx:19.3.0] AndroidManifest.xml:15:13-17:85
74                android:name="com.google.firebase.components:com.google.firebase.ktx.FirebaseCommonKtxRegistrar"
74-->[com.google.firebase:firebase-common-ktx:19.3.0] AndroidManifest.xml:16:17-113
75                android:value="com.google.firebase.components.ComponentRegistrar" />
75-->[com.google.firebase:firebase-common-ktx:19.3.0] AndroidManifest.xml:17:17-82
76            <meta-data
76-->[com.google.firebase:firebase-config:19.2.0] AndroidManifest.xml:32:13-34:85
77                android:name="com.google.firebase.components:com.google.firebase.remoteconfig.RemoteConfigRegistrar"
77-->[com.google.firebase:firebase-config:19.2.0] AndroidManifest.xml:33:17-117
78                android:value="com.google.firebase.components.ComponentRegistrar" />
78-->[com.google.firebase:firebase-config:19.2.0] AndroidManifest.xml:34:17-82
79            <meta-data
79-->[com.google.firebase:firebase-messaging:20.2.4] AndroidManifest.xml:39:13-41:85
80                android:name="com.google.firebase.components:com.google.firebase.messaging.FirebaseMessagingRegistrar"
80-->[com.google.firebase:firebase-messaging:20.2.4] AndroidManifest.xml:40:17-119
81                android:value="com.google.firebase.components.ComponentRegistrar" />
81-->[com.google.firebase:firebase-messaging:20.2.4] AndroidManifest.xml:41:17-82
82            <meta-data
82-->[com.google.firebase:firebase-auth:19.3.2] AndroidManifest.xml:36:13-38:85
83                android:name="com.google.firebase.components:com.google.firebase.auth.FirebaseAuthRegistrar"
83-->[com.google.firebase:firebase-auth:19.3.2] AndroidManifest.xml:37:17-109
84                android:value="com.google.firebase.components.ComponentRegistrar" />
84-->[com.google.firebase:firebase-auth:19.3.2] AndroidManifest.xml:38:17-82
85            <meta-data
85-->[com.google.firebase:firebase-dynamic-links:19.1.0] AndroidManifest.xml:9:13-11:85
86                android:name="com.google.firebase.components:com.google.firebase.dynamiclinks.internal.FirebaseDynamicLinkRegistrar"
86-->[com.google.firebase:firebase-dynamic-links:19.1.0] AndroidManifest.xml:10:17-133
87                android:value="com.google.firebase.components.ComponentRegistrar" />
87-->[com.google.firebase:firebase-dynamic-links:19.1.0] AndroidManifest.xml:11:17-82
88            <meta-data
88-->[com.google.firebase:firebase-iid:20.2.3] AndroidManifest.xml:32:13-34:85
89                android:name="com.google.firebase.components:com.google.firebase.iid.Registrar"
89-->[com.google.firebase:firebase-iid:20.2.3] AndroidManifest.xml:33:17-96
90                android:value="com.google.firebase.components.ComponentRegistrar" />
90-->[com.google.firebase:firebase-iid:20.2.3] AndroidManifest.xml:34:17-82
91            <meta-data
91-->[com.google.android.gms:play-services-measurement-api:17.5.0] AndroidManifest.xml:30:13-32:85
92                android:name="com.google.firebase.components:com.google.firebase.analytics.connector.internal.AnalyticsConnectorRegistrar"
92-->[com.google.android.gms:play-services-measurement-api:17.5.0] AndroidManifest.xml:31:17-139
93                android:value="com.google.firebase.components.ComponentRegistrar" />
93-->[com.google.android.gms:play-services-measurement-api:17.5.0] AndroidManifest.xml:32:17-82
94            <meta-data
94-->[com.google.firebase:firebase-abt:19.1.0] AndroidManifest.xml:13:13-15:85
95                android:name="com.google.firebase.components:com.google.firebase.abt.component.AbtRegistrar"
95-->[com.google.firebase:firebase-abt:19.1.0] AndroidManifest.xml:14:17-109
96                android:value="com.google.firebase.components.ComponentRegistrar" />
96-->[com.google.firebase:firebase-abt:19.1.0] AndroidManifest.xml:15:17-82
97            <meta-data
97-->[com.google.firebase:firebase-installations:16.3.3] AndroidManifest.xml:17:13-19:85
98                android:name="com.google.firebase.components:com.google.firebase.installations.FirebaseInstallationsRegistrar"
98-->[com.google.firebase:firebase-installations:16.3.3] AndroidManifest.xml:18:17-127
99                android:value="com.google.firebase.components.ComponentRegistrar" />
99-->[com.google.firebase:firebase-installations:16.3.3] AndroidManifest.xml:19:17-82
100            <meta-data
100-->[com.google.firebase:firebase-datatransport:17.0.3] AndroidManifest.xml:28:13-30:85
101                android:name="com.google.firebase.components:com.google.firebase.datatransport.TransportRegistrar"
101-->[com.google.firebase:firebase-datatransport:17.0.3] AndroidManifest.xml:29:17-115
102                android:value="com.google.firebase.components.ComponentRegistrar" />
102-->[com.google.firebase:firebase-datatransport:17.0.3] AndroidManifest.xml:30:17-82
103        </service>
104        <!--
105             FirebaseMessagingService performs security checks at runtime,
106             but set to not exported to explicitly avoid allowing another app to call it.
107        -->
108        <service
108-->[com.google.firebase:firebase-messaging:20.2.4] AndroidManifest.xml:28:9-35:19
109            android:name="com.google.firebase.messaging.FirebaseMessagingService"
109-->[com.google.firebase:firebase-messaging:20.2.4] AndroidManifest.xml:29:13-82
110            android:directBootAware="true"
110-->[com.google.firebase:firebase-messaging:20.2.4] AndroidManifest.xml:30:13-43
111            android:exported="false" >
111-->[com.google.firebase:firebase-messaging:20.2.4] AndroidManifest.xml:31:13-37
112            <intent-filter android:priority="-500" >
112-->[com.google.firebase:firebase-messaging:20.2.4] AndroidManifest.xml:32:13-34:29
112-->[com.google.firebase:firebase-messaging:20.2.4] AndroidManifest.xml:32:28-51
113                <action android:name="com.google.firebase.MESSAGING_EVENT" />
113-->src/main/AndroidManifest.xml:47:17-78
113-->src/main/AndroidManifest.xml:47:25-75
114            </intent-filter>
115        </service>
116
117        <provider
117-->[androidx.work:work-runtime:2.0.0] AndroidManifest.xml:28:9-34:35
118            android:name="androidx.work.impl.WorkManagerInitializer"
118-->[androidx.work:work-runtime:2.0.0] AndroidManifest.xml:29:13-69
119            android:authorities="com.monofix.mytriponair.workmanager-init"
119-->[androidx.work:work-runtime:2.0.0] AndroidManifest.xml:30:13-68
120            android:directBootAware="false"
120-->[androidx.work:work-runtime:2.0.0] AndroidManifest.xml:31:13-44
121            android:exported="false"
121-->[androidx.work:work-runtime:2.0.0] AndroidManifest.xml:32:13-37
122            android:multiprocess="true" />
122-->[androidx.work:work-runtime:2.0.0] AndroidManifest.xml:33:13-40
123
124        <service
124-->[androidx.work:work-runtime:2.0.0] AndroidManifest.xml:36:9-41:35
125            android:name="androidx.work.impl.background.systemalarm.SystemAlarmService"
125-->[androidx.work:work-runtime:2.0.0] AndroidManifest.xml:37:13-88
126            android:directBootAware="false"
126-->[androidx.work:work-runtime:2.0.0] AndroidManifest.xml:38:13-44
127            android:enabled="@bool/enable_system_alarm_service_default"
127-->[androidx.work:work-runtime:2.0.0] AndroidManifest.xml:39:13-72
128            android:exported="false" />
128-->[androidx.work:work-runtime:2.0.0] AndroidManifest.xml:40:13-37
129        <service
129-->[androidx.work:work-runtime:2.0.0] AndroidManifest.xml:42:9-48:35
130            android:name="androidx.work.impl.background.systemjob.SystemJobService"
130-->[androidx.work:work-runtime:2.0.0] AndroidManifest.xml:43:13-84
131            android:directBootAware="false"
131-->[androidx.work:work-runtime:2.0.0] AndroidManifest.xml:44:13-44
132            android:enabled="@bool/enable_system_job_service_default"
132-->[androidx.work:work-runtime:2.0.0] AndroidManifest.xml:45:13-70
133            android:exported="true"
133-->[androidx.work:work-runtime:2.0.0] AndroidManifest.xml:46:13-36
134            android:permission="android.permission.BIND_JOB_SERVICE" />
134-->[androidx.work:work-runtime:2.0.0] AndroidManifest.xml:47:13-69
135
136        <receiver
136-->[androidx.work:work-runtime:2.0.0] AndroidManifest.xml:50:9-55:35
137            android:name="androidx.work.impl.utils.ForceStopRunnable$BroadcastReceiver"
137-->[androidx.work:work-runtime:2.0.0] AndroidManifest.xml:51:13-88
138            android:directBootAware="false"
138-->[androidx.work:work-runtime:2.0.0] AndroidManifest.xml:52:13-44
139            android:enabled="true"
139-->[androidx.work:work-runtime:2.0.0] AndroidManifest.xml:53:13-35
140            android:exported="false" />
140-->[androidx.work:work-runtime:2.0.0] AndroidManifest.xml:54:13-37
141        <receiver
141-->[androidx.work:work-runtime:2.0.0] AndroidManifest.xml:56:9-66:20
142            android:name="androidx.work.impl.background.systemalarm.ConstraintProxy$BatteryChargingProxy"
142-->[androidx.work:work-runtime:2.0.0] AndroidManifest.xml:57:13-106
143            android:directBootAware="false"
143-->[androidx.work:work-runtime:2.0.0] AndroidManifest.xml:58:13-44
144            android:enabled="false"
144-->[androidx.work:work-runtime:2.0.0] AndroidManifest.xml:59:13-36
145            android:exported="false" >
145-->[androidx.work:work-runtime:2.0.0] AndroidManifest.xml:60:13-37
146            <intent-filter>
146-->[androidx.work:work-runtime:2.0.0] AndroidManifest.xml:62:13-65:29
147                <action android:name="android.intent.action.ACTION_POWER_CONNECTED" />
147-->[androidx.work:work-runtime:2.0.0] AndroidManifest.xml:63:17-87
147-->[androidx.work:work-runtime:2.0.0] AndroidManifest.xml:63:25-84
148                <action android:name="android.intent.action.ACTION_POWER_DISCONNECTED" />
148-->[androidx.work:work-runtime:2.0.0] AndroidManifest.xml:64:17-90
148-->[androidx.work:work-runtime:2.0.0] AndroidManifest.xml:64:25-87
149            </intent-filter>
150        </receiver>
151        <receiver
151-->[androidx.work:work-runtime:2.0.0] AndroidManifest.xml:67:9-77:20
152            android:name="androidx.work.impl.background.systemalarm.ConstraintProxy$BatteryNotLowProxy"
152-->[androidx.work:work-runtime:2.0.0] AndroidManifest.xml:68:13-104
153            android:directBootAware="false"
153-->[androidx.work:work-runtime:2.0.0] AndroidManifest.xml:69:13-44
154            android:enabled="false"
154-->[androidx.work:work-runtime:2.0.0] AndroidManifest.xml:70:13-36
155            android:exported="false" >
155-->[androidx.work:work-runtime:2.0.0] AndroidManifest.xml:71:13-37
156            <intent-filter>
156-->[androidx.work:work-runtime:2.0.0] AndroidManifest.xml:73:13-76:29
157                <action android:name="android.intent.action.BATTERY_OKAY" />
157-->[androidx.work:work-runtime:2.0.0] AndroidManifest.xml:74:17-77
157-->[androidx.work:work-runtime:2.0.0] AndroidManifest.xml:74:25-74
158                <action android:name="android.intent.action.BATTERY_LOW" />
158-->[androidx.work:work-runtime:2.0.0] AndroidManifest.xml:75:17-76
158-->[androidx.work:work-runtime:2.0.0] AndroidManifest.xml:75:25-73
159            </intent-filter>
160        </receiver>
161        <receiver
161-->[androidx.work:work-runtime:2.0.0] AndroidManifest.xml:78:9-88:20
162            android:name="androidx.work.impl.background.systemalarm.ConstraintProxy$StorageNotLowProxy"
162-->[androidx.work:work-runtime:2.0.0] AndroidManifest.xml:79:13-104
163            android:directBootAware="false"
163-->[androidx.work:work-runtime:2.0.0] AndroidManifest.xml:80:13-44
164            android:enabled="false"
164-->[androidx.work:work-runtime:2.0.0] AndroidManifest.xml:81:13-36
165            android:exported="false" >
165-->[androidx.work:work-runtime:2.0.0] AndroidManifest.xml:82:13-37
166            <intent-filter>
166-->[androidx.work:work-runtime:2.0.0] AndroidManifest.xml:84:13-87:29
167                <action android:name="android.intent.action.DEVICE_STORAGE_LOW" />
167-->[androidx.work:work-runtime:2.0.0] AndroidManifest.xml:85:17-83
167-->[androidx.work:work-runtime:2.0.0] AndroidManifest.xml:85:25-80
168                <action android:name="android.intent.action.DEVICE_STORAGE_OK" />
168-->[androidx.work:work-runtime:2.0.0] AndroidManifest.xml:86:17-82
168-->[androidx.work:work-runtime:2.0.0] AndroidManifest.xml:86:25-79
169            </intent-filter>
170        </receiver>
171        <receiver
171-->[androidx.work:work-runtime:2.0.0] AndroidManifest.xml:89:9-98:20
172            android:name="androidx.work.impl.background.systemalarm.ConstraintProxy$NetworkStateProxy"
172-->[androidx.work:work-runtime:2.0.0] AndroidManifest.xml:90:13-103
173            android:directBootAware="false"
173-->[androidx.work:work-runtime:2.0.0] AndroidManifest.xml:91:13-44
174            android:enabled="false"
174-->[androidx.work:work-runtime:2.0.0] AndroidManifest.xml:92:13-36
175            android:exported="false" >
175-->[androidx.work:work-runtime:2.0.0] AndroidManifest.xml:93:13-37
176            <intent-filter>
176-->[androidx.work:work-runtime:2.0.0] AndroidManifest.xml:95:13-97:29
177                <action android:name="android.net.conn.CONNECTIVITY_CHANGE" />
177-->[androidx.work:work-runtime:2.0.0] AndroidManifest.xml:96:17-79
177-->[androidx.work:work-runtime:2.0.0] AndroidManifest.xml:96:25-76
178            </intent-filter>
179        </receiver>
180        <receiver
180-->[androidx.work:work-runtime:2.0.0] AndroidManifest.xml:99:9-110:20
181            android:name="androidx.work.impl.background.systemalarm.RescheduleReceiver"
181-->[androidx.work:work-runtime:2.0.0] AndroidManifest.xml:100:13-88
182            android:directBootAware="false"
182-->[androidx.work:work-runtime:2.0.0] AndroidManifest.xml:101:13-44
183            android:enabled="false"
183-->[androidx.work:work-runtime:2.0.0] AndroidManifest.xml:102:13-36
184            android:exported="false" >
184-->[androidx.work:work-runtime:2.0.0] AndroidManifest.xml:103:13-37
185            <intent-filter>
185-->[androidx.work:work-runtime:2.0.0] AndroidManifest.xml:105:13-109:29
186                <action android:name="android.intent.action.BOOT_COMPLETED" />
186-->[androidx.work:work-runtime:2.0.0] AndroidManifest.xml:106:17-79
186-->[androidx.work:work-runtime:2.0.0] AndroidManifest.xml:106:25-76
187                <action android:name="android.intent.action.TIME_SET" />
187-->[androidx.work:work-runtime:2.0.0] AndroidManifest.xml:107:17-73
187-->[androidx.work:work-runtime:2.0.0] AndroidManifest.xml:107:25-70
188                <action android:name="android.intent.action.TIMEZONE_CHANGED" />
188-->[androidx.work:work-runtime:2.0.0] AndroidManifest.xml:108:17-81
188-->[androidx.work:work-runtime:2.0.0] AndroidManifest.xml:108:25-78
189            </intent-filter>
190        </receiver>
191        <receiver
191-->[androidx.work:work-runtime:2.0.0] AndroidManifest.xml:111:9-120:20
192            android:name="androidx.work.impl.background.systemalarm.ConstraintProxyUpdateReceiver"
192-->[androidx.work:work-runtime:2.0.0] AndroidManifest.xml:112:13-99
193            android:directBootAware="false"
193-->[androidx.work:work-runtime:2.0.0] AndroidManifest.xml:113:13-44
194            android:enabled="@bool/enable_system_alarm_service_default"
194-->[androidx.work:work-runtime:2.0.0] AndroidManifest.xml:114:13-72
195            android:exported="false" >
195-->[androidx.work:work-runtime:2.0.0] AndroidManifest.xml:115:13-37
196            <intent-filter>
196-->[androidx.work:work-runtime:2.0.0] AndroidManifest.xml:117:13-119:29
197                <action android:name="androidx.work.impl.background.systemalarm.UpdateProxies" />
197-->[androidx.work:work-runtime:2.0.0] AndroidManifest.xml:118:17-98
197-->[androidx.work:work-runtime:2.0.0] AndroidManifest.xml:118:25-95
198            </intent-filter>
199        </receiver>
200
201        <activity
201-->[com.google.firebase:firebase-auth:19.3.2] AndroidManifest.xml:24:9-31:50
202            android:name="com.google.firebase.auth.internal.FederatedSignInActivity"
202-->[com.google.firebase:firebase-auth:19.3.2] AndroidManifest.xml:25:13-85
203            android:excludeFromRecents="true"
203-->[com.google.firebase:firebase-auth:19.3.2] AndroidManifest.xml:26:13-46
204            android:exported="true"
204-->[com.google.firebase:firebase-auth:19.3.2] AndroidManifest.xml:27:13-36
205            android:launchMode="singleTask"
205-->[com.google.firebase:firebase-auth:19.3.2] AndroidManifest.xml:28:13-44
206            android:permission="com.google.firebase.auth.api.gms.permission.LAUNCH_FEDERATED_SIGN_IN"
206-->[com.google.firebase:firebase-auth:19.3.2] AndroidManifest.xml:29:13-102
207            android:theme="@android:style/Theme.Translucent.NoTitleBar" />
207-->[com.google.firebase:firebase-auth:19.3.2] AndroidManifest.xml:30:13-72
208        <activity
208-->[com.google.android.gms:play-services-auth:18.1.0] AndroidManifest.xml:23:9-27:75
209            android:name="com.google.android.gms.auth.api.signin.internal.SignInHubActivity"
209-->[com.google.android.gms:play-services-auth:18.1.0] AndroidManifest.xml:24:13-93
210            android:excludeFromRecents="true"
210-->[com.google.android.gms:play-services-auth:18.1.0] AndroidManifest.xml:25:13-46
211            android:exported="false"
211-->[com.google.android.gms:play-services-auth:18.1.0] AndroidManifest.xml:26:13-37
212            android:theme="@android:style/Theme.Translucent.NoTitleBar" />
212-->[com.google.android.gms:play-services-auth:18.1.0] AndroidManifest.xml:27:13-72
213        <!--
214            Service handling Google Sign-In user revocation. For apps that do not integrate with
215            Google Sign-In, this service will never be started.
216        -->
217        <service
217-->[com.google.android.gms:play-services-auth:18.1.0] AndroidManifest.xml:33:9-37:51
218            android:name="com.google.android.gms.auth.api.signin.RevocationBoundService"
218-->[com.google.android.gms:play-services-auth:18.1.0] AndroidManifest.xml:34:13-89
219            android:exported="true"
219-->[com.google.android.gms:play-services-auth:18.1.0] AndroidManifest.xml:35:13-36
220            android:permission="com.google.android.gms.auth.api.signin.permission.REVOCATION_NOTIFICATION"
220-->[com.google.android.gms:play-services-auth:18.1.0] AndroidManifest.xml:36:13-107
221            android:visibleToInstantApps="true" />
221-->[com.google.android.gms:play-services-auth:18.1.0] AndroidManifest.xml:37:13-48
222
223        <receiver
223-->[com.google.firebase:firebase-iid:20.2.3] AndroidManifest.xml:37:9-44:20
224            android:name="com.google.firebase.iid.FirebaseInstanceIdReceiver"
224-->[com.google.firebase:firebase-iid:20.2.3] AndroidManifest.xml:38:13-78
225            android:exported="true"
225-->[com.google.firebase:firebase-iid:20.2.3] AndroidManifest.xml:39:13-36
226            android:permission="com.google.android.c2dm.permission.SEND" >
226-->[com.google.firebase:firebase-iid:20.2.3] AndroidManifest.xml:40:13-73
227            <intent-filter>
227-->[com.google.firebase:firebase-iid:20.2.3] AndroidManifest.xml:41:13-43:29
228                <action android:name="com.google.android.c2dm.intent.RECEIVE" />
228-->[com.google.firebase:firebase-iid:20.2.3] AndroidManifest.xml:42:17-81
228-->[com.google.firebase:firebase-iid:20.2.3] AndroidManifest.xml:42:25-78
229            </intent-filter>
230        </receiver>
231
232        <activity
232-->[com.google.android.gms:play-services-base:17.1.0] AndroidManifest.xml:23:9-26:75
233            android:name="com.google.android.gms.common.api.GoogleApiActivity"
233-->[com.google.android.gms:play-services-base:17.1.0] AndroidManifest.xml:24:13-79
234            android:exported="false"
234-->[com.google.android.gms:play-services-base:17.1.0] AndroidManifest.xml:25:13-37
235            android:theme="@android:style/Theme.Translucent.NoTitleBar" />
235-->[com.google.android.gms:play-services-base:17.1.0] AndroidManifest.xml:26:13-72
236
237        <receiver
237-->[com.google.android.gms:play-services-measurement:17.5.0] AndroidManifest.xml:29:9-33:20
238            android:name="com.google.android.gms.measurement.AppMeasurementReceiver"
238-->[com.google.android.gms:play-services-measurement:17.5.0] AndroidManifest.xml:30:13-85
239            android:enabled="true"
239-->[com.google.android.gms:play-services-measurement:17.5.0] AndroidManifest.xml:31:13-35
240            android:exported="false" >
240-->[com.google.android.gms:play-services-measurement:17.5.0] AndroidManifest.xml:32:13-37
241        </receiver>
242
243        <service
243-->[com.google.android.gms:play-services-measurement:17.5.0] AndroidManifest.xml:35:9-38:40
244            android:name="com.google.android.gms.measurement.AppMeasurementService"
244-->[com.google.android.gms:play-services-measurement:17.5.0] AndroidManifest.xml:36:13-84
245            android:enabled="true"
245-->[com.google.android.gms:play-services-measurement:17.5.0] AndroidManifest.xml:37:13-35
246            android:exported="false" />
246-->[com.google.android.gms:play-services-measurement:17.5.0] AndroidManifest.xml:38:13-37
247        <service
247-->[com.google.android.gms:play-services-measurement:17.5.0] AndroidManifest.xml:39:9-43:72
248            android:name="com.google.android.gms.measurement.AppMeasurementJobService"
248-->[com.google.android.gms:play-services-measurement:17.5.0] AndroidManifest.xml:40:13-87
249            android:enabled="true"
249-->[com.google.android.gms:play-services-measurement:17.5.0] AndroidManifest.xml:41:13-35
250            android:exported="false"
250-->[com.google.android.gms:play-services-measurement:17.5.0] AndroidManifest.xml:42:13-37
251            android:permission="android.permission.BIND_JOB_SERVICE" />
251-->[com.google.android.gms:play-services-measurement:17.5.0] AndroidManifest.xml:43:13-69
252
253        <provider
253-->[com.google.firebase:firebase-common:19.3.0] AndroidManifest.xml:26:9-30:39
254            android:name="com.google.firebase.provider.FirebaseInitProvider"
254-->[com.google.firebase:firebase-common:19.3.0] AndroidManifest.xml:27:13-77
255            android:authorities="com.monofix.mytriponair.firebaseinitprovider"